2020-06-19 18:00:49.310  INFO 19124 --- [restartedMain] com.xinjiang.blog.BlogApplication        : Starting BlogApplication on LAPTOP-8G1SU5VT with PID 19124 (F:\testprojects\xinjiang\target\classes started by 陈智彬 in F:\testprojects\xinjiang)
2020-06-19 18:00:49.313 DEBUG 19124 --- [restartedMain] com.xinjiang.blog.BlogApplication        : Running with Spring Boot v2.3.0.RELEASE, Spring v5.2.6.RELEASE
2020-06-19 18:00:49.313  INFO 19124 --- [restartedMain] com.xinjiang.blog.BlogApplication        : The following profiles are active: pro
2020-06-19 18:00:49.411  INFO 19124 --- [restartedMain] .e.DevToolsPropertyDefaultsPostProcessor : Devtools property defaults active! Set 'spring.devtools.add-properties' to 'false' to disable
2020-06-19 18:00:49.412  INFO 19124 --- [restartedMain] .e.DevToolsPropertyDefaultsPostProcessor : For additional web related logging consider setting the 'logging.level.web' property to 'DEBUG'
2020-06-19 18:00:50.807  INFO 19124 --- [restartedMain] o.s.b.w.embedded.tomcat.TomcatWebServer  : Tomcat initialized with port(s): 8081 (http)
2020-06-19 18:00:50.814  INFO 19124 --- [restartedMain] o.apache.catalina.core.StandardService   : Starting service [Tomcat]
2020-06-19 18:00:50.815  INFO 19124 --- [restartedMain] org.apache.catalina.core.StandardEngine  : Starting Servlet engine: [Apache Tomcat/9.0.35]
2020-06-19 18:00:50.888  INFO 19124 --- [restartedMain] o.a.c.c.C.[Tomcat].[localhost].[/]       : Initializing Spring embedded WebApplicationContext
2020-06-19 18:00:50.889  INFO 19124 --- [restartedMain] o.s.web.context.ContextLoader            : Root WebApplicationContext: initialization completed in 1476 ms
2020-06-19 18:00:51.765  INFO 19124 --- [restartedMain] o.s.s.concurrent.ThreadPoolTaskExecutor  : Initializing ExecutorService 'applicationTaskExecutor'
2020-06-19 18:00:51.860  INFO 19124 --- [restartedMain] o.s.b.a.w.s.WelcomePageHandlerMapping    : Adding welcome page template: index
2020-06-19 18:00:52.207  INFO 19124 --- [restartedMain] o.s.b.d.a.OptionalLiveReloadServer       : LiveReload server is running on port 35729
2020-06-19 18:00:52.244  INFO 19124 --- [restartedMain] o.s.b.w.embedded.tomcat.TomcatWebServer  : Tomcat started on port(s): 8081 (http) with context path ''
2020-06-19 18:00:52.255  INFO 19124 --- [restartedMain] com.xinjiang.blog.BlogApplication        : Started BlogApplication in 3.746 seconds (JVM running for 4.723)
2020-06-19 18:01:12.433  INFO 13180 --- [restartedMain] com.xinjiang.blog.BlogApplication        : Starting BlogApplication on LAPTOP-8G1SU5VT with PID 13180 (F:\testprojects\xinjiang\target\classes started by 陈智彬 in F:\testprojects\xinjiang)
2020-06-19 18:01:12.437 DEBUG 13180 --- [restartedMain] com.xinjiang.blog.BlogApplication        : Running with Spring Boot v2.3.0.RELEASE, Spring v5.2.6.RELEASE
2020-06-19 18:01:12.437  INFO 13180 --- [restartedMain] com.xinjiang.blog.BlogApplication        : The following profiles are active: pro
2020-06-19 18:01:12.504  INFO 13180 --- [restartedMain] .e.DevToolsPropertyDefaultsPostProcessor : Devtools property defaults active! Set 'spring.devtools.add-properties' to 'false' to disable
2020-06-19 18:01:12.505  INFO 13180 --- [restartedMain] .e.DevToolsPropertyDefaultsPostProcessor : For additional web related logging consider setting the 'logging.level.web' property to 'DEBUG'
2020-06-19 18:01:14.129  INFO 13180 --- [restartedMain] o.s.b.w.embedded.tomcat.TomcatWebServer  : Tomcat initialized with port(s): 8080 (http)
2020-06-19 18:01:14.143  INFO 13180 --- [restartedMain] o.apache.catalina.core.StandardService   : Starting service [Tomcat]
2020-06-19 18:01:14.144  INFO 13180 --- [restartedMain] org.apache.catalina.core.StandardEngine  : Starting Servlet engine: [Apache Tomcat/9.0.35]
2020-06-19 18:01:14.317  INFO 13180 --- [restartedMain] o.a.c.c.C.[Tomcat].[localhost].[/]       : Initializing Spring embedded WebApplicationContext
2020-06-19 18:01:14.318  INFO 13180 --- [restartedMain] o.s.web.context.ContextLoader            : Root WebApplicationContext: initialization completed in 1813 ms
2020-06-19 18:01:15.622  INFO 13180 --- [restartedMain] o.s.s.concurrent.ThreadPoolTaskExecutor  : Initializing ExecutorService 'applicationTaskExecutor'
2020-06-19 18:01:15.707  INFO 13180 --- [restartedMain] o.s.b.a.w.s.WelcomePageHandlerMapping    : Adding welcome page template: index
2020-06-19 18:01:16.032  INFO 13180 --- [restartedMain] o.s.b.d.a.OptionalLiveReloadServer       : LiveReload server is running on port 35729
2020-06-19 18:01:16.066  INFO 13180 --- [restartedMain] o.s.b.w.embedded.tomcat.TomcatWebServer  : Tomcat started on port(s): 8080 (http) with context path ''
2020-06-19 18:01:16.077  INFO 13180 --- [restartedMain] com.xinjiang.blog.BlogApplication        : Started BlogApplication in 4.29 seconds (JVM running for 5.367)
2020-06-19 18:01:20.546  INFO 13180 --- [http-nio-8080-exec-1] o.a.c.c.C.[Tomcat].[localhost].[/]       : Initializing Spring DispatcherServlet 'dispatcherServlet'
2020-06-19 18:01:20.546  INFO 13180 --- [http-nio-8080-exec-1] o.s.web.servlet.DispatcherServlet        : Initializing Servlet 'dispatcherServlet'
2020-06-19 18:01:20.561  INFO 13180 --- [http-nio-8080-exec-1] o.s.web.servlet.DispatcherServlet        : Completed initialization in 15 ms
2020-06-19 18:01:20.768  INFO 13180 --- [http-nio-8080-exec-1] com.alibaba.druid.pool.DruidDataSource   : {dataSource-1} inited
2020-06-19 18:01:20.805 DEBUG 13180 --- [http-nio-8080-exec-1] c.x.b.mapper.BlogMapper.getDetailedBlog  : ==>  Preparing: select b.id bid,b.first_picture,b.flag,b.title,b.content,b.views,b.comment_count,b.update_time,b.commentabled,b.share_statement,b.appreciation, u.nickname,u.avatar,t.name from blog.t_blog b,blog.t_user u, blog.t_type t where b.user_id = u.id and b.type_id = t.id and b.id = ? 
2020-06-19 18:01:20.913 DEBUG 13180 --- [http-nio-8080-exec-1] c.x.b.mapper.BlogMapper.getDetailedBlog  : ==> Parameters: 10(Long)
2020-06-19 18:01:20.944 DEBUG 13180 --- [http-nio-8080-exec-1] c.x.b.mapper.BlogMapper.getDetailedBlog  : <==      Total: 1
2020-06-19 18:01:20.994 DEBUG 13180 --- [http-nio-8080-exec-1] c.x.blog.mapper.BlogMapper.updateViews   : ==>  Preparing: update blog.t_blog b set b.views = b.views+1 where b.id = ? 
2020-06-19 18:01:20.999 DEBUG 13180 --- [http-nio-8080-exec-1] c.x.blog.mapper.BlogMapper.updateViews   : ==> Parameters: 10(Long)
2020-06-19 18:01:21.005 DEBUG 13180 --- [http-nio-8080-exec-1] c.x.blog.mapper.BlogMapper.updateViews   : <==    Updates: 1
2020-06-19 18:01:21.006 DEBUG 13180 --- [http-nio-8080-exec-1] c.x.b.m.BlogMapper.getCommentCountById   : ==>  Preparing: update blog.t_blog b set b.comment_count = ( select count(*) from blog.t_comment c where c.blog_id = ? and b.id = ? ) WHERE b.id = ? 
2020-06-19 18:01:21.010 DEBUG 13180 --- [http-nio-8080-exec-1] c.x.b.m.BlogMapper.getCommentCountById   : ==> Parameters: 10(Long), 10(Long), 10(Long)
2020-06-19 18:01:21.011 DEBUG 13180 --- [http-nio-8080-exec-1] c.x.b.m.BlogMapper.getCommentCountById   : <==    Updates: 1
2020-06-19 18:01:21.027 DEBUG 13180 --- [http-nio-8080-exec-1] c.x.b.m.C.findByBlogIdParentIdNull       : ==>  Preparing: select * from blog.t_comment c where c.blog_id = ? and c.parent_comment_id = ? order by c.create_time desc 
2020-06-19 18:01:21.029 DEBUG 13180 --- [http-nio-8080-exec-1] c.x.b.m.C.findByBlogIdParentIdNull       : ==> Parameters: 10(Long), -1(Long)
2020-06-19 18:01:21.032 DEBUG 13180 --- [http-nio-8080-exec-1] c.x.b.m.C.findByBlogIdParentIdNull       : <==      Total: 2
2020-06-19 18:01:21.033 DEBUG 13180 --- [http-nio-8080-exec-1] c.x.b.m.C.findByBlogIdParentIdNotNull    : ==>  Preparing: select * from blog.t_comment c where c.blog_id = ? and c.parent_comment_id = ? order by c.create_time desc 
2020-06-19 18:01:21.034 DEBUG 13180 --- [http-nio-8080-exec-1] c.x.b.m.C.findByBlogIdParentIdNotNull    : ==> Parameters: 10(Long), 8(Long)
2020-06-19 18:01:21.035 DEBUG 13180 --- [http-nio-8080-exec-1] c.x.b.m.C.findByBlogIdParentIdNotNull    : <==      Total: 0
2020-06-19 18:01:21.036 DEBUG 13180 --- [http-nio-8080-exec-1] c.x.b.m.C.findByBlogIdParentIdNotNull    : ==>  Preparing: select * from blog.t_comment c where c.blog_id = ? and c.parent_comment_id = ? order by c.create_time desc 
2020-06-19 18:01:21.036 DEBUG 13180 --- [http-nio-8080-exec-1] c.x.b.m.C.findByBlogIdParentIdNotNull    : ==> Parameters: 10(Long), 7(Long)
2020-06-19 18:01:21.037 DEBUG 13180 --- [http-nio-8080-exec-1] c.x.b.m.C.findByBlogIdParentIdNotNull    : <==      Total: 0
2020-06-19 18:01:26.526 DEBUG 13180 --- [http-nio-8080-exec-8] c.x.b.mapper.CommentMapper.saveComment   : ==>  Preparing: insert into blog.t_comment (nickname,email,content,avatar,create_time,blog_id,parent_comment_id,admin_comment) values (?,?,?,?,?,?,?,?); 
2020-06-19 18:01:26.539 DEBUG 13180 --- [http-nio-8080-exec-8] c.x.b.mapper.CommentMapper.saveComment   : ==> Parameters: Re新酱(String), 975448348@qq.com(String), 测试3(String), /images/Profile.jpg(String), 2020-06-19 18:01:26.526(Timestamp), 10(Long), -1(Long), false(Boolean)
2020-06-19 18:01:26.549 DEBUG 13180 --- [http-nio-8080-exec-8] c.x.b.mapper.CommentMapper.saveComment   : <==    Updates: 1
2020-06-19 18:01:26.557 DEBUG 13180 --- [http-nio-8080-exec-8] c.x.b.m.C.findByBlogIdParentIdNull       : ==>  Preparing: select * from blog.t_comment c where c.blog_id = ? and c.parent_comment_id = ? order by c.create_time desc 
2020-06-19 18:01:26.558 DEBUG 13180 --- [http-nio-8080-exec-8] c.x.b.m.C.findByBlogIdParentIdNull       : ==> Parameters: 10(Long), -1(Long)
2020-06-19 18:01:26.562 DEBUG 13180 --- [http-nio-8080-exec-8] c.x.b.m.C.findByBlogIdParentIdNull       : <==      Total: 3
2020-06-19 18:01:26.563 DEBUG 13180 --- [http-nio-8080-exec-8] c.x.b.m.C.findByBlogIdParentIdNotNull    : ==>  Preparing: select * from blog.t_comment c where c.blog_id = ? and c.parent_comment_id = ? order by c.create_time desc 
2020-06-19 18:01:26.564 DEBUG 13180 --- [http-nio-8080-exec-8] c.x.b.m.C.findByBlogIdParentIdNotNull    : ==> Parameters: 10(Long), 9(Long)
2020-06-19 18:01:26.566 DEBUG 13180 --- [http-nio-8080-exec-8] c.x.b.m.C.findByBlogIdParentIdNotNull    : <==      Total: 0
2020-06-19 18:01:26.567 DEBUG 13180 --- [http-nio-8080-exec-8] c.x.b.m.C.findByBlogIdParentIdNotNull    : ==>  Preparing: select * from blog.t_comment c where c.blog_id = ? and c.parent_comment_id = ? order by c.create_time desc 
2020-06-19 18:01:26.569 DEBUG 13180 --- [http-nio-8080-exec-8] c.x.b.m.C.findByBlogIdParentIdNotNull    : ==> Parameters: 10(Long), 8(Long)
2020-06-19 18:01:26.570 DEBUG 13180 --- [http-nio-8080-exec-8] c.x.b.m.C.findByBlogIdParentIdNotNull    : <==      Total: 0
2020-06-19 18:01:26.571 DEBUG 13180 --- [http-nio-8080-exec-8] c.x.b.m.C.findByBlogIdParentIdNotNull    : ==>  Preparing: select * from blog.t_comment c where c.blog_id = ? and c.parent_comment_id = ? order by c.create_time desc 
2020-06-19 18:01:26.571 DEBUG 13180 --- [http-nio-8080-exec-8] c.x.b.m.C.findByBlogIdParentIdNotNull    : ==> Parameters: 10(Long), 7(Long)
2020-06-19 18:01:26.572 DEBUG 13180 --- [http-nio-8080-exec-8] c.x.b.m.C.findByBlogIdParentIdNotNull    : <==      Total: 0
